10-Jul-2024 09:30:40.969 INFO [main] org.apache.catalina.startup.VersionLoggerListener.log 서버 버전 이름:    Apache Tomcat/10.1.25
10-Jul-2024 09:30:40.969 INFO [main] org.apache.catalina.startup.VersionLoggerListener.log Server 빌드 시각:  Jun 14 2024 19:31:59 UTC
10-Jul-2024 09:30:40.969 INFO [main] org.apache.catalina.startup.VersionLoggerListener.log Server 버전 번호:  10.1.25.0
10-Jul-2024 09:30:40.969 INFO [main] org.apache.catalina.startup.VersionLoggerListener.log 운영체제 이름:     Windows 11
10-Jul-2024 09:30:40.969 INFO [main] org.apache.catalina.startup.VersionLoggerListener.log 운영체제 버전:     10.0
10-Jul-2024 09:30:40.969 INFO [main] org.apache.catalina.startup.VersionLoggerListener.log 아키텍처:          amd64
10-Jul-2024 09:30:40.969 INFO [main] org.apache.catalina.startup.VersionLoggerListener.log 자바 홈:           C:\Program Files\Java\jdk-22
10-Jul-2024 09:30:40.969 INFO [main] org.apache.catalina.startup.VersionLoggerListener.log JVM 버전:          22.0.1+8-16
10-Jul-2024 09:30:40.969 INFO [main] org.apache.catalina.startup.VersionLoggerListener.log JVM 벤더:          Oracle Corporation
10-Jul-2024 09:30:40.969 INFO [main] org.apache.catalina.startup.VersionLoggerListener.log CATALINA_BASE:     C:\JSP\apache-tomcat-10.1.25
10-Jul-2024 09:30:40.969 INFO [main] org.apache.catalina.startup.VersionLoggerListener.log CATALINA_HOME:     C:\JSP\apache-tomcat-10.1.25
10-Jul-2024 09:30:41.015 INFO [main] org.apache.catalina.startup.VersionLoggerListener.log 명령 행 아규먼트:  -Djava.util.logging.config.file=C:\JSP\apache-tomcat-10.1.25\conf\logging.properties
10-Jul-2024 09:30:41.015 INFO [main] org.apache.catalina.startup.VersionLoggerListener.log 명령 행 아규먼트:  -Djava.util.logging.manager=org.apache.juli.ClassLoaderLogManager
10-Jul-2024 09:30:41.015 INFO [main] org.apache.catalina.startup.VersionLoggerListener.log 명령 행 아규먼트:  -Djdk.tls.ephemeralDHKeySize=2048
10-Jul-2024 09:30:41.015 INFO [main] org.apache.catalina.startup.VersionLoggerListener.log 명령 행 아규먼트:  -Djava.protocol.handler.pkgs=org.apache.catalina.webresources
10-Jul-2024 09:30:41.015 INFO [main] org.apache.catalina.startup.VersionLoggerListener.log 명령 행 아규먼트:  --add-opens=java.base/java.lang=ALL-UNNAMED
10-Jul-2024 09:30:41.015 INFO [main] org.apache.catalina.startup.VersionLoggerListener.log 명령 행 아규먼트:  --add-opens=java.base/java.io=ALL-UNNAMED
10-Jul-2024 09:30:41.015 INFO [main] org.apache.catalina.startup.VersionLoggerListener.log 명령 행 아규먼트:  --add-opens=java.base/java.util=ALL-UNNAMED
10-Jul-2024 09:30:41.015 INFO [main] org.apache.catalina.startup.VersionLoggerListener.log 명령 행 아규먼트:  --add-opens=java.base/java.util.concurrent=ALL-UNNAMED
10-Jul-2024 09:30:41.015 INFO [main] org.apache.catalina.startup.VersionLoggerListener.log 명령 행 아규먼트:  --add-opens=java.rmi/sun.rmi.transport=ALL-UNNAMED
10-Jul-2024 09:30:41.015 INFO [main] org.apache.catalina.startup.VersionLoggerListener.log 명령 행 아규먼트:  -Dcatalina.base=C:\JSP\apache-tomcat-10.1.25
10-Jul-2024 09:30:41.015 INFO [main] org.apache.catalina.startup.VersionLoggerListener.log 명령 행 아규먼트:  -Dcatalina.home=C:\JSP\apache-tomcat-10.1.25
10-Jul-2024 09:30:41.015 INFO [main] org.apache.catalina.startup.VersionLoggerListener.log 명령 행 아규먼트:  -Djava.io.tmpdir=C:\JSP\apache-tomcat-10.1.25\temp
10-Jul-2024 09:30:41.030 INFO [main] org.apache.catalina.core.AprLifecycleListener.lifecycleEvent APR 버전 [1.7.4]을(를) 사용한, APR 기반 Apache Tomcat Native 라이브러리 [2.0.7]을(를) 로드했습니다.
10-Jul-2024 09:30:41.046 INFO [main] org.apache.catalina.core.AprLifecycleListener.initializeSSL OpenSSL이 성공적으로 초기화되었습니다: [OpenSSL 3.0.13 30 Jan 2024]
10-Jul-2024 09:30:41.312 INFO [main] org.apache.coyote.AbstractProtocol.init 프로토콜 핸들러 ["http-nio-8080"]을(를) 초기화합니다.
10-Jul-2024 09:30:41.347 INFO [main] org.apache.catalina.startup.Catalina.load [597] 밀리초 내에 서버가 초기화되었습니다.
10-Jul-2024 09:30:41.407 INFO [main] org.apache.catalina.core.StandardService.startInternal 서비스 [Catalina]을(를) 시작합니다.
10-Jul-2024 09:30:41.407 INFO [main] org.apache.catalina.core.StandardEngine.startInternal 서버 엔진을 시작합니다: [Apache Tomcat/10.1.25]
10-Jul-2024 09:30:41.423 INFO [main] org.apache.catalina.startup.HostConfig.deployDirectory 웹 애플리케이션 디렉토리 [C:\JSP\apache-tomcat-10.1.25\webapps\docs]을(를) 배치합니다.
10-Jul-2024 09:30:41.791 INFO [main] org.apache.catalina.startup.HostConfig.deployDirectory 웹 애플리케이션 디렉토리 [C:\JSP\apache-tomcat-10.1.25\webapps\docs]에 대한 배치가 [368] 밀리초에 완료되었습니다.
10-Jul-2024 09:30:41.791 INFO [main] org.apache.catalina.startup.HostConfig.deployDirectory 웹 애플리케이션 디렉토리 [C:\JSP\apache-tomcat-10.1.25\webapps\examples]을(를) 배치합니다.
10-Jul-2024 09:30:42.197 INFO [main] org.apache.catalina.startup.HostConfig.deployDirectory 웹 애플리케이션 디렉토리 [C:\JSP\apache-tomcat-10.1.25\webapps\examples]에 대한 배치가 [406] 밀리초에 완료되었습니다.
10-Jul-2024 09:30:42.197 INFO [main] org.apache.catalina.startup.HostConfig.deployDirectory 웹 애플리케이션 디렉토리 [C:\JSP\apache-tomcat-10.1.25\webapps\host-manager]을(를) 배치합니다.
10-Jul-2024 09:30:42.229 INFO [main] org.apache.catalina.startup.HostConfig.deployDirectory 웹 애플리케이션 디렉토리 [C:\JSP\apache-tomcat-10.1.25\webapps\host-manager]에 대한 배치가 [32] 밀리초에 완료되었습니다.
10-Jul-2024 09:30:42.229 INFO [main] org.apache.catalina.startup.HostConfig.deployDirectory 웹 애플리케이션 디렉토리 [C:\JSP\apache-tomcat-10.1.25\webapps\manager]을(를) 배치합니다.
10-Jul-2024 09:30:42.277 INFO [main] org.apache.catalina.startup.HostConfig.deployDirectory 웹 애플리케이션 디렉토리 [C:\JSP\apache-tomcat-10.1.25\webapps\manager]에 대한 배치가 [48] 밀리초에 완료되었습니다.
10-Jul-2024 09:30:42.277 INFO [main] org.apache.catalina.startup.HostConfig.deployDirectory 웹 애플리케이션 디렉토리 [C:\JSP\apache-tomcat-10.1.25\webapps\ROOT]을(를) 배치합니다.
10-Jul-2024 09:30:42.292 INFO [main] org.apache.catalina.startup.HostConfig.deployDirectory 웹 애플리케이션 디렉토리 [C:\JSP\apache-tomcat-10.1.25\webapps\ROOT]에 대한 배치가 [15] 밀리초에 완료되었습니다.
10-Jul-2024 09:30:42.292 INFO [main] org.apache.coyote.AbstractProtocol.start 프로토콜 핸들러 ["http-nio-8080"]을(를) 시작합니다.
10-Jul-2024 09:30:42.324 INFO [main] org.apache.catalina.startup.Catalina.start 서버가 [974] 밀리초 내에 시작되었습니다.
